<?xml version="1.0" encoding="UTF-8"?>
<!-- Generated by org.testng.reporters.JUnitReportReporter -->
<testsuite hostname="Cav-PC" name="JenkinsTest.JenkinsTest.SumTest" tests="2" failures="0" timestamp="20 Nov 2016 23:18:47 GMT" time="0.001" errors="0">
  <testcase name="negAdd" time="0.001" classname="JenkinsTest.JenkinsTest.SumTest"/>
  <testcase name="posAdd" time="0.000" classname="JenkinsTest.JenkinsTest.SumTest"/>
</testsuite> <!-- JenkinsTest.JenkinsTest.SumTest -->
