<?xml version="1.0" encoding="UTF-8"?>
<!-- Generated by org.testng.reporters.JUnitReportReporter -->
<testsuite hostname="Cav-PC" name="JenkinsTest.JenkinsTest.SumTest" tests="2" failures="0" timestamp="21 Nov 2016 12:55:27 GMT" time="0.006" errors="0">
  <testcase name="negAdd" time="0.005" classname="JenkinsTest.JenkinsTest.SumTest"/>
  <testcase name="posAdd" time="0.001" classname="JenkinsTest.JenkinsTest.SumTest"/>
</testsuite> <!-- JenkinsTest.JenkinsTest.SumTest -->
